1489639287720	geckodriver	INFO	Listening on 127.0.0.1:49473
1489639289736	mozprofile::profile	INFO	Using profile path C:\Users\Eric\AppData\Local\Temp\rust_mozprofile.YTk7dnAB2pRx
1489639289736	geckodriver::marionette	INFO	Starting browser C:\Program Files (x86)\Mozilla Firefox\firefox.exe
1489639289751	geckodriver::marionette	INFO	Connecting to Marionette on localhost:49479
1489639291179	Marionette	INFO	Listening on port 49479
1489639295144	Marionette	WARN	Using deprecated data structure for setting timeouts
1489639335449	Marionette	INFO	New connections will no longer be accepted
[Child 6848] ###!!! ABORT: Aborting on channel error.: file c:/builds/moz2_slave/m-rel-w32-00000000000000000000/build/src/ipc/glue/MessageChannel.cpp, line 2143
gmas is deprecated. Use //# instead
JavaScript warning: https://api.taxamo.com/api/xdm.html?public_token=public_3adAdeo6B9dUufD_mJMEMkTXmxbK-vffcybxQEvrshk&xdm_e=https%3A%2F%2Fsso.teachable.com&xdm_c=default1475&xdm_p=1, line 28: Using //@ to indicate sourceMappingURL pragmas is deprecated. Use //# instead
1489639007490	Marionette	INFO	New connections will no longer be accepted
[Child 4724] ###!!! ABORT: Aborting on channel error.: file c:/builds/moz2_slave/m-rel-w32-00000000000000000000/build/src/ipc/glue/MessageChannel.cpp, line 2143
hrew an error: [Exception... "Component returned failure code: 0x80070057 (NS_ERROR_ILLEGAL_VALUE) [nsIMessageSender.sendAsyncMessage]"  nsresult: "0x80070057 (NS_ERROR_ILLEGAL_VALUE)"  location: "JS frame :: chrome://marionette/content/proxy.js :: sendReply_ :: line 195"  data: no]
sendReply_@chrome://marionette/content/proxy.js:195:5
reply@chrome://marionette/content/proxy.js:175:7
sendToServer@chrome://marionette/content/listener.js:440:3
sendError@chrome://marionette/content/listener.js:474:3
dispatch/</<@chrome://marionette/content/listener.js:202:40
Handler.prototype.process@resource://gre/modules/Promise.jsm -> resource://gre/modules/Promise-backend.js:935:21
this.PromiseWalker.walkerLoop@resource://gre/modules/Promise.jsm -> resource://gre/modules/Promise-backend.js:813:7
this.PromiseWalker.scheduleWalkerLoop/<@resource://gre/modules/Promise.jsm -> resource://gre/modules/Promise-backend.js:747:11

p/<@resource://gre/modules/Promise.jsm -> resource://gre/modules/Promise-backend.js:747:11

dules/Promise-backend.js:813:7
this.PromiseWalker.scheduleWalkerLoop/<@resource://gre/modules/Promise.jsm -> resource://gre/modules/Promise-backend.js:747:11

end.js:747:11

1489534569577	addons.productaddons	WARN	Failed downloading via XHR, status: 0, reason: error
[Child 2092] ###!!! ABORT: Aborting on channel error.: file c:/builds/moz2_slave/m-rel-w32-00000000000000000000/build/src/ipc/glue/MessageChannel.cpp, line 2143
